08/12/2023 09:41:40 PM INFO Authorized users initialized
08/12/2023 09:41:40 PM INFO Added block 1 by user James
08/12/2023 09:41:40 PM INFO Blockchain created
08/12/2023 09:41:51 PM INFO Authorized users initialized
08/12/2023 09:41:51 PM INFO Added block 1 by user James
08/12/2023 09:41:51 PM INFO Blockchain created
08/12/2023 09:42:05 PM INFO Added imported block 2 by user James from file 'JE_013.xlsx'
08/12/2023 09:42:25 PM INFO Generated reports: financial_statements.xlsx
08/12/2023 09:42:25 PM INFO Blockchain saved to file
08/12/2023 09:42:31 PM INFO Authorized users initialized
08/12/2023 09:42:31 PM INFO Added block 1 by user James
08/12/2023 09:42:31 PM INFO Blockchain created
08/12/2023 09:42:44 PM INFO Authorized users initialized
08/12/2023 09:42:44 PM INFO Added block 1 by user James
08/12/2023 09:42:44 PM INFO Blockchain created
08/12/2023 09:43:01 PM INFO Generated reports: financial_statements.xlsx
08/12/2023 09:43:01 PM INFO Blockchain saved to file
08/12/2023 09:45:05 PM INFO Authorized users initialized
08/12/2023 09:45:05 PM INFO Added block 1 by user James
08/12/2023 09:45:05 PM INFO Blockchain created
08/12/2023 09:45:14 PM INFO Added imported block 3 by user James from file 'JE_013.xlsx'
08/12/2023 09:45:27 PM INFO Generated reports: financial_statements.xlsx
08/12/2023 09:45:27 PM INFO Blockchain saved to file
